{"error":"Authentication failed against database server at `localhost`, the provided database credentials for `postgres` are not valid.\n\nPlease make sure to provide valid database credentials for the database server at `localhost`.","level":"error","message":"Startup failed","timestamp":"2026-05-14T09:21:05.592Z"}
{"level":"info","message":"Database connected","timestamp":"2026-06-15T10:16:02.195Z"}
{"error":"\nInvalid `prisma.landlord.upsert()` invocation in\nC:\\Users\\JIMM\\OneDrive\\Desktop\\kodisha\\kodisha\\backend\\src\\services\\superAdmin.js:12:39\n\n   9 const phone = process.env.SUPER_ADMIN_PHONE || '+254700000000';\n  10 \n  11 const passwordHash = await bcrypt.hash(password, 12);\n→ 12 const admin = await prisma.landlord.upsert(\nUnique constraint failed on the fields: (`phone`)","level":"error","message":"Startup failed","timestamp":"2026-06-15T10:16:03.111Z"}
{"level":"info","message":"Database connected","timestamp":"2026-06-15T10:17:02.579Z"}
{"adminId":"6c322020-b296-4ad8-83a9-f0745abcc97c","email":"admin@proppulse.ke","level":"info","message":"Super admin account bootstrapped","timestamp":"2026-06-15T10:17:07.569Z"}
{"level":"info","message":"Cron jobs scheduled","timestamp":"2026-06-15T10:17:07.641Z"}
{"level":"info","message":"Kodisha API running on port 5000 [development]","timestamp":"2026-06-15T10:17:07.642Z"}
{"level":"info","message":"Database connected","timestamp":"2026-06-15T10:17:50.168Z"}
{"adminId":"6c322020-b296-4ad8-83a9-f0745abcc97c","email":"admin@proppulse.ke","level":"info","message":"Super admin account bootstrapped","timestamp":"2026-06-15T10:17:55.253Z"}
{"level":"info","message":"Cron jobs scheduled","timestamp":"2026-06-15T10:17:55.276Z"}
{"level":"info","message":"Kodisha API running on port 5000 [development]","timestamp":"2026-06-15T10:17:55.276Z"}
{"level":"info","message":"Database connected","timestamp":"2026-06-15T11:43:55.145Z"}
{"adminId":"6c322020-b296-4ad8-83a9-f0745abcc97c","email":"admin@proppulse.ke","level":"info","message":"Super admin account bootstrapped","timestamp":"2026-06-15T11:44:02.607Z"}
{"level":"info","message":"Cron jobs scheduled","timestamp":"2026-06-15T11:44:02.691Z"}
{"level":"info","message":"Kodisha API running on port 5000 [development]","timestamp":"2026-06-15T11:44:02.691Z"}
{"level":"info","message":"Database connected","timestamp":"2026-06-15T11:44:46.529Z"}
{"adminId":"6c322020-b296-4ad8-83a9-f0745abcc97c","email":"admin@proppulse.ke","level":"info","message":"Super admin account bootstrapped","timestamp":"2026-06-15T11:44:54.591Z"}
{"level":"info","message":"Cron jobs scheduled","timestamp":"2026-06-15T11:44:54.628Z"}
{"level":"info","message":"Kodisha API running on port 5000 [development]","timestamp":"2026-06-15T11:44:54.629Z"}
{"error":"\nInvalid `prisma.broadcastMessage.findMany()` invocation in\nC:\\Users\\JIMM\\OneDrive\\Desktop\\kodisha\\kodisha\\backend\\src\\routes\\broadcast.js:92:49\n\n  89 // ─── Process scheduled broadcasts (called by cron) ───────────────────────────\n  90 \n  91 async function processScheduledBroadcasts() {\n→ 92   const pending = await prisma.broadcastMessage.findMany(\nCan't reach database server at `dpg-d89lg1n7f7vs73cb8mu0-a.oregon-postgres.render.com`:`5432`\n\nPlease make sure your database server is running at `dpg-d89lg1n7f7vs73cb8mu0-a.oregon-postgres.render.com`:`5432`.","level":"error","message":"Broadcast cron error","timestamp":"2026-06-15T11:55:05.590Z"}
{"level":"info","message":"Database connected","timestamp":"2026-06-18T09:42:50.705Z"}
{"adminId":"6c322020-b296-4ad8-83a9-f0745abcc97c","email":"admin@proppulse.ke","level":"info","message":"Super admin account bootstrapped","timestamp":"2026-06-18T09:42:55.244Z"}
{"level":"info","message":"Cron jobs scheduled","timestamp":"2026-06-18T09:42:55.285Z"}
{"level":"info","message":"Kodisha API running on port 5000 [development]","timestamp":"2026-06-18T09:42:55.286Z"}
{"level":"http","message":"::1 - - [18/Jun/2026:09:43:27 +0000] \"GET /health HTTP/1.1\" 200 133 \"-\" \"Mozilla/5.0 (Windows NT 10.0; Microsoft Windows 10.0.26200; en-US) PowerShell/7.6.3\"","timestamp":"2026-06-18T09:43:27.583Z"}
{"level":"http","message":"::1 - - [18/Jun/2026:09:43:29 +0000] \"POST /auth/smart-login HTTP/1.1\" 200 689 \"-\" \"Mozilla/5.0 (Windows NT 10.0; Microsoft Windows 10.0.26200; en-US) PowerShell/7.6.3\"","timestamp":"2026-06-18T09:43:29.711Z"}
{"level":"http","message":"::1 - - [18/Jun/2026:09:43:33 +0000] \"GET /caretakers/portal HTTP/1.1\" 200 - \"-\" \"Mozilla/5.0 (Windows NT 10.0; Microsoft Windows 10.0.26200; en-US) PowerShell/7.6.3\"","timestamp":"2026-06-18T09:43:33.166Z"}
